INFO:__main__:Log Initialised
INFO:__main__:User Selected
INFO:__main__:Root defined
INFO:__main__:Downloads defined
INFO:__main__:Documents defined
INFO:__main__:Desktop defined
INFO:__main__:Library defined
INFO:__main__:Log Initialised
INFO:__main__:User Selected
INFO:__main__:Root defined
INFO:__main__:Downloads defined
INFO:__main__:Documents defined
INFO:__main__:Desktop defined
INFO:__main__:Library defined
INFO:__main__:Log Initialised
INFO:__main__:User Selected
INFO:__main__:Root defined
INFO:__main__:Downloads defined
INFO:__main__:Documents defined
INFO:__main__:Desktop defined
INFO:__main__:Library defined
INFO:__main__:Log Initialised
INFO:__main__:User Selected
INFO:__main__:Root defined
INFO:__main__:Downloads defined
INFO:__main__:Documents defined
INFO:__main__:Desktop defined
INFO:__main__:Library defined
